# JRE version: Java(TM) SE Runtime Environment 18.9 (11.0.18+9) (build 11.0.18+9-LTS-195)
# Java VM: Java HotSpot(TM) 64-Bit Server VM 18.9 (11.0.18+9-LTS-195, mixed mode, tiered, compressed oops, g1 gc, windows-amd64)
Heap:
 garbage-first heap   total 236544K, used 97792K [0x0000000760e00000, 0x0000000800000000)
  region size 1024K, 72 young (73728K), 7 survivors (7168K)
 Metaspace       used 81080K, capacity 83132K, committed 83288K, reserved 1122304K
  class space    used 9704K, capacity 10518K, committed 10624K, reserved 1048576K
GC Heap History (10 events):
Event: 129.814 GC heap before
{Heap before GC invocations=22 (full 0):
 garbage-first heap   total 236544K, used 167424K [0x0000000760e00000, 0x0000000800000000)
  region size 1024K, 138 young (141312K), 7 survivors (7168K)
 Metaspace       used 81071K, capacity 83132K, committed 83288K, reserved 1122304K
  class space    used 9703K, capacity 10518K, committed 10624K, reserved 1048576K
}
Event: 129.830 GC heap after
{Heap after GC invocations=23 (full 0):
 garbage-first heap   total 236544K, used 33280K [0x0000000760e00000, 0x0000000800000000)
  region size 1024K, 7 young (7168K), 7 survivors (7168K)
 Metaspace       used 81071K, capacity 83132K, committed 83288K, reserved 1122304K
  class space    used 9703K, capacity 10518K, committed 10624K, reserved 1048576K
}
Event: 137.515 GC heap before
{Heap before GC invocations=23 (full 0):
 garbage-first heap   total 236544K, used 166400K [0x0000000760e00000, 0x0000000800000000)
  region size 1024K, 138 young (141312K), 7 survivors (7168K)
 Metaspace       used 81072K, capacity 83132K, committed 83288K, reserved 1122304K
  class space    used 9703K, capacity 10518K, committed 10624K, reserved 1048576K
}
Event: 137.531 GC heap after
{Heap after GC invocations=24 (full 0):
 garbage-first heap   total 236544K, used 33280K [0x0000000760e00000, 0x0000000800000000)
  region size 1024K, 7 young (7168K), 7 survivors (7168K)
 Metaspace       used 81072K, capacity 83132K, committed 83288K, reserved 1122304K
  class space    used 9703K, capacity 10518K, committed 10624K, reserved 1048576K
}
Event: 144.622 GC heap before
{Heap before GC invocations=24 (full 0):
 garbage-first heap   total 236544K, used 167424K [0x0000000760e00000, 0x0000000800000000)
  region size 1024K, 138 young (141312K), 7 survivors (7168K)
 Metaspace       used 81076K, capacity 83132K, committed 83288K, reserved 1122304K
  class space    used 9703K, capacity 10518K, committed 10624K, reserved 1048576K
}
Event: 144.639 GC heap after
{Heap after GC invocations=25 (full 0):
 garbage-first heap   total 236544K, used 33280K [0x0000000760e00000, 0x0000000800000000)
  region size 1024K, 7 young (7168K), 7 survivors (7168K)
 Metaspace       used 81076K, capacity 83132K, committed 83288K, reserved 1122304K
  class space    used 9703K, capacity 10518K, committed 10624K, reserved 1048576K
}
Event: 152.018 GC heap before
{Heap before GC invocations=25 (full 0):
 garbage-first heap   total 236544K, used 166400K [0x0000000760e00000, 0x0000000800000000)
  region size 1024K, 138 young (141312K), 7 survivors (7168K)
 Metaspace       used 81076K, capacity 83132K, committed 83288K, reserved 1122304K
  class space    used 9704K, capacity 10518K, committed 10624K, reserved 1048576K
}
Event: 152.036 GC heap after
{Heap after GC invocations=26 (full 0):
 garbage-first heap   total 236544K, used 33792K [0x0000000760e00000, 0x0000000800000000)
  region size 1024K, 7 young (7168K), 7 survivors (7168K)
 Metaspace       used 81076K, capacity 83132K, committed 83288K, reserved 1122304K
  class space    used 9704K, capacity 10518K, committed 10624K, reserved 1048576K
}
Event: 156.897 GC heap before
{Heap before GC invocations=26 (full 0):
 garbage-first heap   total 236544K, used 167936K [0x0000000760e00000, 0x0000000800000000)
  region size 1024K, 138 young (141312K), 7 survivors (7168K)
 Metaspace       used 81076K, capacity 83132K, committed 83288K, reserved 1122304K
  class space    used 9704K, capacity 10518K, committed 10624K, reserved 1048576K
}
Event: 156.913 GC heap after
{Heap after GC invocations=27 (full 0):
 garbage-first heap   total 236544K, used 33280K [0x0000000760e00000, 0x0000000800000000)
  region size 1024K, 7 young (7168K), 7 survivors (7168K)
 Metaspace       used 81076K, capacity 83132K, committed 83288K, reserved 1122304K
  class space    used 9704K, capacity 10518K, committed 10624K, reserved 1048576K
}

